#-----------------------------------------------------------
# Vivado v2023.1 (64-bit)
# SW Build 3865809 on Sun May  7 15:05:29 MDT 2023
# IP Build 3864474 on Sun May  7 20:36:21 MDT 2023
# SharedData Build 3865790 on Sun May 07 13:33:03 MDT 2023
# Start of session at: Fri Aug 25 16:28:14 2023
# Process ID: 19516
# Current directory: E:/github/school/RSA2048/Vivado_Project/RSA2048
# Command line: vivado.exe -gui_launcher_event rodinguilauncherevent14732 E:\github\school\RSA2048\Vivado_Project\RSA2048\RSA2048.xpr
# Log file: E:/github/school/RSA2048/Vivado_Project/RSA2048/vivado.log
# Journal file: E:/github/school/RSA2048/Vivado_Project/RSA2048\vivado.jou
# Running On: y7000pr, OS: Windows, CPU Frequency: 3110 MHz, CPU Physical cores: 12, Host memory: 42732 MB
#-----------------------------------------------------------
start_gui
Sourcing tcl script 'D:/Vivado2023.1/Vivado/2023.1/scripts/Vivado_init.tcl'
open_project E:/github/school/RSA2048/Vivado_Project/RSA2048/RSA2048.xpr
WARNING: [Board 49-26] cannot add Board Part xilinx.com:sp701:part0:1.0 available at D:/Vivado2023.1/Vivado/2023.1/data/xhub/boards/XilinxBoardStore/boards/Xilinx/sp701/1.0/board.xml as part xc7s100fgga676-2 specified in board_part file is either invalid or not available
WARNING: [Board 49-26] cannot add Board Part xilinx.com:sp701:part0:1.1 available at D:/Vivado2023.1/Vivado/2023.1/data/xhub/boards/XilinxBoardStore/boards/Xilinx/sp701/1.1/board.xml as part xc7s100fgga676-2 specified in board_part file is either invalid or not available
WARNING: [Board 49-26] cannot add Board Part xilinx.com:vck190:part0:2.2 available at D:/Vivado2023.1/Vivado/2023.1/data/xhub/boards/XilinxBoardStore/boards/Xilinx/vck190/production/2.2/board.xml as part xcvc1902-vsva2197-2mp-e-s specified in board_part file is either invalid or not available
WARNING: [Board 49-26] cannot add Board Part xilinx.com:vck190:part0:3.0 available at D:/Vivado2023.1/Vivado/2023.1/data/xhub/boards/XilinxBoardStore/boards/Xilinx/vck190/production/3.0/board.xml as part xcvc1902-vsva2197-2mp-e-s specified in board_part file is either invalid or not available
WARNING: [Board 49-26] cannot add Board Part xilinx.com:vck190:part0:3.1 available at D:/Vivado2023.1/Vivado/2023.1/data/xhub/boards/XilinxBoardStore/boards/Xilinx/vck190/production/3.1/board.xml as part xcvc1902-vsva2197-2mp-e-s specified in board_part file is either invalid or not available
WARNING: [Board 49-26] cannot add Board Part xilinx.com:vck190:part0:3.2 available at D:/Vivado2023.1/Vivado/2023.1/data/xhub/boards/XilinxBoardStore/boards/Xilinx/vck190/production/3.2/board.xml as part xcvc1902-vsva2197-2mp-e-s specified in board_part file is either invalid or not available
WARNING: [Board 49-26] cannot add Board Part xilinx.com:vck190_newl:part0:1.0 available at D:/Vivado2023.1/Vivado/2023.1/data/xhub/boards/XilinxBoardStore/boards/Xilinx/vck190_newl/production/1.0/board.xml as part xcvc1902-vsva2197-2mp-e-s specified in board_part file is either invalid or not available
WARNING: [Board 49-26] cannot add Board Part xilinx.com:vck190_newl:part0:1.1 available at D:/Vivado2023.1/Vivado/2023.1/data/xhub/boards/XilinxBoardStore/boards/Xilinx/vck190_newl/production/1.1/board.xml as part xcvc1902-vsva2197-2mp-e-s specified in board_part file is either invalid or not available
WARNING: [Board 49-26] cannot add Board Part xilinx.com:vcu128:part0:1.0 available at D:/Vivado2023.1/Vivado/2023.1/data/xhub/boards/XilinxBoardStore/boards/Xilinx/vcu128/production/1.0/board.xml as part xcvu37p-fsvh2892-2l-e specified in board_part file is either invalid or not available
WARNING: [Board 49-26] cannot add Board Part xilinx.com:vcu129:part0:1.0 available at D:/Vivado2023.1/Vivado/2023.1/data/xhub/boards/XilinxBoardStore/boards/Xilinx/vcu129/production/1.0/board.xml as part xcvu29p-fsga2577-2l-e specified in board_part file is either invalid or not available
WARNING: [Board 49-26] cannot add Board Part xilinx.com:vek280_es:part0:1.0 available at D:/Vivado2023.1/Vivado/2023.1/data/xhub/boards/XilinxBoardStore/boards/Xilinx/vek280/es/rev_a/1.0/board.xml as part xcve2802-vsvh1760-2lp-e-s-es1 specified in board_part file is either invalid or not available
WARNING: [Board 49-26] cannot add Board Part xilinx.com:vek280_es:part0:1.1 available at D:/Vivado2023.1/Vivado/2023.1/data/xhub/boards/XilinxBoardStore/boards/Xilinx/vek280/es/rev_a/1.1/board.xml as part xcve2802-vsvh1760-2lp-e-s-es1 specified in board_part file is either invalid or not available
WARNING: [Board 49-26] cannot add Board Part xilinx.com:vek280_es_revb:part0:1.0 available at D:/Vivado2023.1/Vivado/2023.1/data/xhub/boards/XilinxBoardStore/boards/Xilinx/vek280/es/rev_b/1.0/board.xml as part xcve2802-vsvh1760-2mp-e-s-es1 specified in board_part file is either invalid or not available
WARNING: [Board 49-26] cannot add Board Part xilinx.com:vek280_es_revb:part0:1.1 available at D:/Vivado2023.1/Vivado/2023.1/data/xhub/boards/XilinxBoardStore/boards/Xilinx/vek280/es/rev_b/1.1/board.xml as part xcve2802-vsvh1760-2mp-e-s-es1 specified in board_part file is either invalid or not available
WARNING: [Board 49-26] cannot add Board Part xilinx.com:vermeo_t1_rfsoc:part0:1.0 available at D:/Vivado2023.1/Vivado/2023.1/data/xhub/boards/XilinxBoardStore/boards/Xilinx/vermeo_t1_rfsoc/1.0/board.xml as part xczu21dr-ffvd1156-2l-e specified in board_part file is either invalid or not available
WARNING: [Board 49-26] cannot add Board Part xilinx.com:vhk158:part0:1.0 available at D:/Vivado2023.1/Vivado/2023.1/data/xhub/boards/XilinxBoardStore/boards/Xilinx/vhk158/production/1.0/board.xml as part xcvh1582-vsva3697-2mp-e-s specified in board_part file is either invalid or not available
WARNING: [Board 49-26] cannot add Board Part xilinx.com:vhk158_es:part0:1.0 available at D:/Vivado2023.1/Vivado/2023.1/data/xhub/boards/XilinxBoardStore/boards/Xilinx/vhk158/es/1.0/board.xml as part xcvh1582-vsva3697-2mp-e-s-es1 specified in board_part file is either invalid or not available
WARNING: [Board 49-26] cannot add Board Part xilinx.com:vhk158_es:part0:1.1 available at D:/Vivado2023.1/Vivado/2023.1/data/xhub/boards/XilinxBoardStore/boards/Xilinx/vhk158/es/1.1/board.xml as part xcvh1582-vsva3697-2mp-e-s-es1 specified in board_part file is either invalid or not available
WARNING: [Board 49-26] cannot add Board Part xilinx.com:vmk180:part0:2.2 available at D:/Vivado2023.1/Vivado/2023.1/data/xhub/boards/XilinxBoardStore/boards/Xilinx/vmk180/production/2.2/board.xml as part xcvm1802-vsva2197-2mp-e-s specified in board_part file is either invalid or not available
WARNING: [Board 49-26] cannot add Board Part xilinx.com:vmk180:part0:3.0 available at D:/Vivado2023.1/Vivado/2023.1/data/xhub/boards/XilinxBoardStore/boards/Xilinx/vmk180/production/3.0/board.xml as part xcvm1802-vsva2197-2mp-e-s specified in board_part file is either invalid or not available
WARNING: [Board 49-26] cannot add Board Part xilinx.com:vmk180:part0:3.1 available at D:/Vivado2023.1/Vivado/2023.1/data/xhub/boards/XilinxBoardStore/boards/Xilinx/vmk180/production/3.1/board.xml as part xcvm1802-vsva2197-2mp-e-s specified in board_part file is either invalid or not available
WARNING: [Board 49-26] cannot add Board Part xilinx.com:vmk180:part0:3.2 available at D:/Vivado2023.1/Vivado/2023.1/data/xhub/boards/XilinxBoardStore/boards/Xilinx/vmk180/production/3.2/board.xml as part xcvm1802-vsva2197-2mp-e-s specified in board_part file is either invalid or not available
WARNING: [Board 49-26] cannot add Board Part xilinx.com:vmk180_newl:part0:1.0 available at D:/Vivado2023.1/Vivado/2023.1/data/xhub/boards/XilinxBoardStore/boards/Xilinx/vmk180_newl/production/1.0/board.xml as part xcvm1802-vsva2197-2mp-e-s specified in board_part file is either invalid or not available
WARNING: [Board 49-26] cannot add Board Part xilinx.com:vmk180_newl:part0:1.1 available at D:/Vivado2023.1/Vivado/2023.1/data/xhub/boards/XilinxBoardStore/boards/Xilinx/vmk180_newl/production/1.1/board.xml as part xcvm1802-vsva2197-2mp-e-s specified in board_part file is either invalid or not available
WARNING: [Board 49-26] cannot add Board Part xilinx.com:vpk120:part0:1.0 available at D:/Vivado2023.1/Vivado/2023.1/data/xhub/boards/XilinxBoardStore/boards/Xilinx/vpk120/production/1.0/board.xml as part xcvp1202-vsva2785-2mp-e-s specified in board_part file is either invalid or not available
WARNING: [Board 49-26] cannot add Board Part xilinx.com:vpk120:part0:1.1 available at D:/Vivado2023.1/Vivado/2023.1/data/xhub/boards/XilinxBoardStore/boards/Xilinx/vpk120/production/1.1/board.xml as part xcvp1202-vsva2785-2mp-e-s specified in board_part file is either invalid or not available
WARNING: [Board 49-26] cannot add Board Part xilinx.com:vpk120_es:part0:1.2 available at D:/Vivado2023.1/Vivado/2023.1/data/xhub/boards/XilinxBoardStore/boards/Xilinx/vpk120/es/1.2/board.xml as part xcvp1202-vsva2785-2mp-e-s-es1 specified in board_part file is either invalid or not available
WARNING: [Board 49-26] cannot add Board Part xilinx.com:vpk120_es:part0:1.3 available at D:/Vivado2023.1/Vivado/2023.1/data/xhub/boards/XilinxBoardStore/boards/Xilinx/vpk120/es/1.3/board.xml as part xcvp1202-vsva2785-2mp-e-s-es1 specified in board_part file is either invalid or not available
WARNING: [Board 49-26] cannot add Board Part xilinx.com:vpk120_es_revb:part0:1.0 available at D:/Vivado2023.1/Vivado/2023.1/data/xhub/boards/XilinxBoardStore/boards/Xilinx/vpk120_revb/es/1.0/board.xml as part xcvp1202-vsva2785-2mp-e-s-es1 specified in board_part file is either invalid or not available
WARNING: [Board 49-26] cannot add Board Part xilinx.com:vpk120_es_revb:part0:1.1 available at D:/Vivado2023.1/Vivado/2023.1/data/xhub/boards/XilinxBoardStore/boards/Xilinx/vpk120_revb/es/1.1/board.xml as part xcvp1202-vsva2785-2mp-e-s-es1 specified in board_part file is either invalid or not available
WARNING: [Board 49-26] cannot add Board Part xilinx.com:vpk180:part0:1.0 available at D:/Vivado2023.1/Vivado/2023.1/data/xhub/boards/XilinxBoardStore/boards/Xilinx/vpk180/production/1.0/board.xml as part xcvp1802-lsvc4072-2mp-e-s specified in board_part file is either invalid or not available
WARNING: [Board 49-26] cannot add Board Part xilinx.com:vpk180:part0:1.1 available at D:/Vivado2023.1/Vivado/2023.1/data/xhub/boards/XilinxBoardStore/boards/Xilinx/vpk180/production/1.1/board.xml as part xcvp1802-lsvc4072-2mp-e-s specified in board_part file is either invalid or not available
WARNING: [Board 49-26] cannot add Board Part xilinx.com:vpk180_es:part0:1.0 available at D:/Vivado2023.1/Vivado/2023.1/data/xhub/boards/XilinxBoardStore/boards/Xilinx/vpk180/es/1.0/board.xml as part xcvp1802-lsvc4072-2mp-e-s-es1 specified in board_part file is either invalid or not available
WARNING: [Board 49-26] cannot add Board Part xilinx.com:vpk180_es:part0:1.1 available at D:/Vivado2023.1/Vivado/2023.1/data/xhub/boards/XilinxBoardStore/boards/Xilinx/vpk180/es/1.1/board.xml as part xcvp1802-lsvc4072-2mp-e-s-es1 specified in board_part file is either invalid or not available
WARNING: [Board 49-26] cannot add Board Part xilinx.com:zcu111:part0:1.2 available at D:/Vivado2023.1/Vivado/2023.1/data/xhub/boards/XilinxBoardStore/boards/Xilinx/zcu111/1.2/board.xml as part xczu28dr-ffvg1517-2-e specified in board_part file is either invalid or not available
WARNING: [Board 49-26] cannot add Board Part xilinx.com:zcu111:part0:1.3 available at D:/Vivado2023.1/Vivado/2023.1/data/xhub/boards/XilinxBoardStore/boards/Xilinx/zcu111/1.3/board.xml as part xczu28dr-ffvg1517-2-e specified in board_part file is either invalid or not available
WARNING: [Board 49-26] cannot add Board Part xilinx.com:zcu111:part0:1.4 available at D:/Vivado2023.1/Vivado/2023.1/data/xhub/boards/XilinxBoardStore/boards/Xilinx/zcu111/1.4/board.xml as part xczu28dr-ffvg1517-2-e specified in board_part file is either invalid or not available
WARNING: [Board 49-26] cannot add Board Part xilinx.com:zcu1275:part0:1.0 available at D:/Vivado2023.1/Vivado/2023.1/data/xhub/boards/XilinxBoardStore/boards/Xilinx/zcu1275/1.0/board.xml as part xczu29dr-ffvf1760-2-e specified in board_part file is either invalid or not available
WARNING: [Board 49-26] cannot add Board Part xilinx.com:zcu1285:part0:1.0 available at D:/Vivado2023.1/Vivado/2023.1/data/xhub/boards/XilinxBoardStore/boards/Xilinx/zcu1285/1.0/board.xml as part xczu39dr-ffvf1760-2-i specified in board_part file is either invalid or not available
WARNING: [Board 49-26] cannot add Board Part xilinx.com:zcu208:part0:2.0 available at D:/Vivado2023.1/Vivado/2023.1/data/xhub/boards/XilinxBoardStore/boards/Xilinx/zcu208/production/2.0/board.xml as part xczu48dr-fsvg1517-2-e specified in board_part file is either invalid or not available
WARNING: [Board 49-26] cannot add Board Part xilinx.com:zcu208ld:part0:2.0 available at D:/Vivado2023.1/Vivado/2023.1/data/xhub/boards/XilinxBoardStore/boards/Xilinx/zcu208ld/production/2.0/board.xml as part xczu58dr-fsvg1517-2-i specified in board_part file is either invalid or not available
WARNING: [Board 49-26] cannot add Board Part xilinx.com:zcu216:part0:2.0 available at D:/Vivado2023.1/Vivado/2023.1/data/xhub/boards/XilinxBoardStore/boards/Xilinx/zcu216/production/2.0/board.xml as part xczu49dr-ffvf1760-2-e specified in board_part file is either invalid or not available
WARNING: [Board 49-26] cannot add Board Part xilinx.com:zcu216ld:part0:2.0 available at D:/Vivado2023.1/Vivado/2023.1/data/xhub/boards/XilinxBoardStore/boards/Xilinx/zcu216ld/production/2.0/board.xml as part xczu59dr-ffvf1760-2-i specified in board_part file is either invalid or not available
WARNING: [Board 49-26] cannot add Board Part xilinx.com:zcu670:part0:2.0 available at D:/Vivado2023.1/Vivado/2023.1/data/xhub/boards/XilinxBoardStore/boards/Xilinx/zcu670/2.0/board.xml as part xczu67dr-fsve1156-2-i specified in board_part file is either invalid or not available
WARNING: [Board 49-26] cannot add Board Part xilinx.com:zcu670ld:part0:1.0 available at D:/Vivado2023.1/Vivado/2023.1/data/xhub/boards/XilinxBoardStore/boards/Xilinx/zcu670ld/1.0/board.xml as part xczu57dr-fsve1156-2-i specified in board_part file is either invalid or not available
INFO: [Project 1-313] Project file moved from 'E:/github/school/RSA2048/vivado-mmp/RSA2048' since last save.
INFO: [filemgmt 56-3] Default IP Output Path : Could not find the directory 'E:/github/school/RSA2048/Vivado_Project/RSA2048/RSA2048.gen/sources_1'.
CRITICAL WARNING: [Project 1-311] Could not find the file 'E:/github/school/RSA2048/Vivado_Project/RSA2048/RSA2048.srcs/sources_1/new/iddmm/m.mem', nor could it be found using path 'E:/github/school/RSA2048/vivado-mmp/RSA2048/RSA2048.srcs/sources_1/new/iddmm/m.mem'.
CRITICAL WARNING: [Project 1-311] Could not find the file 'E:/github/school/RSA2048/Vivado_Project/RSA2048/RSA2048.srcs/sources_1/new/iddmm/y.mem', nor could it be found using path 'E:/github/school/RSA2048/vivado-mmp/RSA2048/RSA2048.srcs/sources_1/new/iddmm/y.mem'.
CRITICAL WARNING: [Project 1-311] Could not find the file 'E:/github/school/RSA2048/Vivado_Project/RSA2048/RSA2048.srcs/sources_1/new/iddmm/a0.mem', nor could it be found using path 'E:/github/school/RSA2048/vivado-mmp/RSA2048/RSA2048.srcs/sources_1/new/iddmm/a0.mem'.
CRITICAL WARNING: [Project 1-311] Could not find the file 'E:/github/school/RSA2048/Vivado_Project/RSA2048/RSA2048.srcs/sources_1/new/iddmm/x.mem', nor could it be found using path 'E:/github/school/RSA2048/vivado-mmp/RSA2048/RSA2048.srcs/sources_1/new/iddmm/x.mem'.
CRITICAL WARNING: [Project 1-311] Could not find the file 'E:/github/school/RSA2048/Vivado_Project/RSA2048/RSA2048.srcs/sources_1/new/iddmm/mmp_iddmm_sp.v', nor could it be found using path 'E:/github/school/RSA2048/vivado-mmp/RSA2048/RSA2048.srcs/sources_1/new/iddmm/mmp_iddmm_sp.v'.
CRITICAL WARNING: [Project 1-311] Could not find the file 'E:/github/school/RSA2048/Vivado_Project/RSA2048/RSA2048.srcs/sources_1/new/r2mm/mm_r2mm_2n.v', nor could it be found using path 'E:/github/school/RSA2048/vivado-mmp/RSA2048/RSA2048.srcs/sources_1/new/r2mm/mm_r2mm_2n.v'.
CRITICAL WARNING: [Project 1-311] Could not find the file 'E:/github/school/RSA2048/Vivado_Project/RSA2048/RSA2048.srcs/sources_1/new/iddmm/common/simple_p1adder129.v', nor could it be found using path 'E:/github/school/RSA2048/vivado-mmp/RSA2048/RSA2048.srcs/sources_1/new/iddmm/common/simple_p1adder129.v'.
CRITICAL WARNING: [Project 1-311] Could not find the file 'E:/github/school/RSA2048/Vivado_Project/RSA2048/RSA2048.srcs/sources_1/new/iddmm/common/simple_vedic_4bit.v', nor could it be found using path 'E:/github/school/RSA2048/vivado-mmp/RSA2048/RSA2048.srcs/sources_1/new/iddmm/common/simple_vedic_4bit.v'.
CRITICAL WARNING: [Project 1-311] Could not find the file 'E:/github/school/RSA2048/Vivado_Project/RSA2048/RSA2048.srcs/sources_1/new/iddmm/common/simple_ram.v', nor could it be found using path 'E:/github/school/RSA2048/vivado-mmp/RSA2048/RSA2048.srcs/sources_1/new/iddmm/common/simple_ram.v'.
CRITICAL WARNING: [Project 1-311] Could not find the file 'E:/github/school/RSA2048/Vivado_Project/RSA2048/RSA2048.srcs/sources_1/new/iddmm/mmp_iddmm_mul128.v', nor could it be found using path 'E:/github/school/RSA2048/vivado-mmp/RSA2048/RSA2048.srcs/sources_1/new/iddmm/mmp_iddmm_mul128.v'.
CRITICAL WARNING: [Project 1-311] Could not find the file 'E:/github/school/RSA2048/Vivado_Project/RSA2048/RSA2048.srcs/sources_1/new/iddmm/common/simple_vedic_32bit.v', nor could it be found using path 'E:/github/school/RSA2048/vivado-mmp/RSA2048/RSA2048.srcs/sources_1/new/iddmm/common/simple_vedic_32bit.v'.
CRITICAL WARNING: [Project 1-311] Could not find the file 'E:/github/school/RSA2048/Vivado_Project/RSA2048/RSA2048.srcs/sources_1/new/ahb/ahb_fifo.v', nor could it be found using path 'E:/github/school/RSA2048/vivado-mmp/RSA2048/RSA2048.srcs/sources_1/new/ahb/ahb_fifo.v'.
CRITICAL WARNING: [Project 1-311] Could not find the file 'E:/github/school/RSA2048/Vivado_Project/RSA2048/RSA2048.srcs/sources_1/new/iddmm/common/simple_vedic_16bit.v', nor could it be found using path 'E:/github/school/RSA2048/vivado-mmp/RSA2048/RSA2048.srcs/sources_1/new/iddmm/common/simple_vedic_16bit.v'.
CRITICAL WARNING: [Project 1-311] Could not find the file 'E:/github/school/RSA2048/Vivado_Project/RSA2048/RSA2048.srcs/sources_1/new/iddmm/mmp_iddmm_pe.v', nor could it be found using path 'E:/github/school/RSA2048/vivado-mmp/RSA2048/RSA2048.srcs/sources_1/new/iddmm/mmp_iddmm_pe.v'.
CRITICAL WARNING: [Project 1-311] Could not find the file 'E:/github/school/RSA2048/Vivado_Project/RSA2048/RSA2048.srcs/sources_1/new/r2mm/mm_r2mm.v', nor could it be found using path 'E:/github/school/RSA2048/vivado-mmp/RSA2048/RSA2048.srcs/sources_1/new/r2mm/mm_r2mm.v'.
CRITICAL WARNING: [Project 1-311] Could not find the file 'E:/github/school/RSA2048/Vivado_Project/RSA2048/RSA2048.srcs/sources_1/new/ahb/ahb_rsa2048.v', nor could it be found using path 'E:/github/school/RSA2048/vivado-mmp/RSA2048/RSA2048.srcs/sources_1/new/ahb/ahb_rsa2048.v'.
CRITICAL WARNING: [Project 1-311] Could not find the file 'E:/github/school/RSA2048/Vivado_Project/RSA2048/RSA2048.srcs/sources_1/new/iddmm/mmp_iddmm_shift.v', nor could it be found using path 'E:/github/school/RSA2048/vivado-mmp/RSA2048/RSA2048.srcs/sources_1/new/iddmm/mmp_iddmm_shift.v'.
CRITICAL WARNING: [Project 1-311] Could not find the file 'E:/github/school/RSA2048/Vivado_Project/RSA2048/RSA2048.srcs/sources_1/new/iddmm/mmp_iddmm_ctrl.v', nor could it be found using path 'E:/github/school/RSA2048/vivado-mmp/RSA2048/RSA2048.srcs/sources_1/new/iddmm/mmp_iddmm_ctrl.v'.
CRITICAL WARNING: [Project 1-311] Could not find the file 'E:/github/school/RSA2048/Vivado_Project/RSA2048/RSA2048.srcs/sources_1/new/iddmm/common/simple_vedic_64bit.v', nor could it be found using path 'E:/github/school/RSA2048/vivado-mmp/RSA2048/RSA2048.srcs/sources_1/new/iddmm/common/simple_vedic_64bit.v'.
CRITICAL WARNING: [Project 1-311] Could not find the file 'E:/github/school/RSA2048/Vivado_Project/RSA2048/RSA2048.srcs/sources_1/new/ahb/fifo_rsa2048_ctrl.v', nor could it be found using path 'E:/github/school/RSA2048/vivado-mmp/RSA2048/RSA2048.srcs/sources_1/new/ahb/fifo_rsa2048_ctrl.v'.
CRITICAL WARNING: [Project 1-311] Could not find the file 'E:/github/school/RSA2048/Vivado_Project/RSA2048/RSA2048.srcs/sources_1/new/iddmm/common/mult.v', nor could it be found using path 'E:/github/school/RSA2048/vivado-mmp/RSA2048/RSA2048.srcs/sources_1/new/iddmm/common/mult.v'.
CRITICAL WARNING: [Project 1-311] Could not find the file 'E:/github/school/RSA2048/Vivado_Project/RSA2048/RSA2048.srcs/sources_1/new/iddmm/common/simple_p12adder256_3_2.v', nor could it be found using path 'E:/github/school/RSA2048/vivado-mmp/RSA2048/RSA2048.srcs/sources_1/new/iddmm/common/simple_p12adder256_3_2.v'.
CRITICAL WARNING: [Project 1-311] Could not find the file 'E:/github/school/RSA2048/Vivado_Project/RSA2048/RSA2048.srcs/sources_1/new/iddmm/common/simple_vedic_128bit.v', nor could it be found using path 'E:/github/school/RSA2048/vivado-mmp/RSA2048/RSA2048.srcs/sources_1/new/iddmm/common/simple_vedic_128bit.v'.
CRITICAL WARNING: [Project 1-311] Could not find the file 'E:/github/school/RSA2048/Vivado_Project/RSA2048/RSA2048.srcs/sources_1/new/iddmm/me_iddmm_top.sv', nor could it be found using path 'E:/github/school/RSA2048/vivado-mmp/RSA2048/RSA2048.srcs/sources_1/new/iddmm/me_iddmm_top.sv'.
CRITICAL WARNING: [Project 1-311] Could not find the file 'E:/github/school/RSA2048/Vivado_Project/RSA2048/RSA2048.srcs/sources_1/new/iddmm/mmp_iddmm_addfirst.v', nor could it be found using path 'E:/github/school/RSA2048/vivado-mmp/RSA2048/RSA2048.srcs/sources_1/new/iddmm/mmp_iddmm_addfirst.v'.
CRITICAL WARNING: [Project 1-311] Could not find the file 'E:/github/school/RSA2048/Vivado_Project/RSA2048/RSA2048.srcs/sources_1/new/ahb/ahb2fifo_slave_core.v', nor could it be found using path 'E:/github/school/RSA2048/vivado-mmp/RSA2048/RSA2048.srcs/sources_1/new/ahb/ahb2fifo_slave_core.v'.
CRITICAL WARNING: [Project 1-311] Could not find the file 'E:/github/school/RSA2048/Vivado_Project/RSA2048/RSA2048.srcs/sources_1/new/iddmm/mm_iddmm_sub.v', nor could it be found using path 'E:/github/school/RSA2048/vivado-mmp/RSA2048/RSA2048.srcs/sources_1/new/iddmm/mm_iddmm_sub.v'.
CRITICAL WARNING: [Project 1-311] Could not find the file 'E:/github/school/RSA2048/Vivado_Project/RSA2048/RSA2048.srcs/sources_1/new/r2mm/me_top.v', nor could it be found using path 'E:/github/school/RSA2048/vivado-mmp/RSA2048/RSA2048.srcs/sources_1/new/r2mm/me_top.v'.
CRITICAL WARNING: [Project 1-311] Could not find the file 'E:/github/school/RSA2048/Vivado_Project/RSA2048/RSA2048.srcs/sources_1/new/iddmm/common/simple_vedic_8bit.v', nor could it be found using path 'E:/github/school/RSA2048/vivado-mmp/RSA2048/RSA2048.srcs/sources_1/new/iddmm/common/simple_vedic_8bit.v'.
CRITICAL WARNING: [Project 1-311] Could not find the file 'E:/github/school/RSA2048/Vivado_Project/RSA2048/RSA2048.srcs/sources_1/new/iddmm/mmp_iddmm_addend.v', nor could it be found using path 'E:/github/school/RSA2048/vivado-mmp/RSA2048/RSA2048.srcs/sources_1/new/iddmm/mmp_iddmm_addend.v'.
CRITICAL WARNING: [Project 1-311] Could not find the file 'E:/github/school/RSA2048/Vivado_Project/fpga.xdc', nor could it be found using path 'E:/github/school/RSA2048/vivado-mmp/fpga.xdc'.
CRITICAL WARNING: [Project 1-311] Could not find the file 'E:/github/school/RSA2048/Vivado_Project/RSA2048/RSA2048.srcs/constrs_1/new/mm_r2mm.xdc', nor could it be found using path 'E:/github/school/RSA2048/vivado-mmp/RSA2048/RSA2048.srcs/constrs_1/new/mm_r2mm.xdc'.
CRITICAL WARNING: [Project 1-311] Could not find the file 'E:/github/school/RSA2048/Vivado_Project/RSA2048/RSA2048.srcs/sim_1/new/me_top_tb.v', nor could it be found using path 'E:/github/school/RSA2048/vivado-mmp/RSA2048/RSA2048.srcs/sim_1/new/me_top_tb.v'.
CRITICAL WARNING: [Project 1-311] Could not find the file 'E:/github/school/RSA2048/Vivado_Project/RSA2048/RSA2048.srcs/sim_1/new/mmp_iddmm_sp_tb.v', nor could it be found using path 'E:/github/school/RSA2048/vivado-mmp/RSA2048/RSA2048.srcs/sim_1/new/mmp_iddmm_sp_tb.v'.
CRITICAL WARNING: [Project 1-311] Could not find the file 'E:/github/school/RSA2048/Vivado_Project/RSA2048/RSA2048.srcs/sim_1/new/bfm_ahb_tasks.v', nor could it be found using path 'E:/github/school/RSA2048/vivado-mmp/RSA2048/RSA2048.srcs/sim_1/new/bfm_ahb_tasks.v'.
CRITICAL WARNING: [Project 1-311] Could not find the file 'E:/github/school/RSA2048/Vivado_Project/RSA2048/RSA2048.srcs/sim_1/new/ahb_rsa2048_tb.v', nor could it be found using path 'E:/github/school/RSA2048/vivado-mmp/RSA2048/RSA2048.srcs/sim_1/new/ahb_rsa2048_tb.v'.
CRITICAL WARNING: [Project 1-311] Could not find the file 'E:/github/school/RSA2048/Vivado_Project/RSA2048/RSA2048.srcs/sim_1/new/bfm_ahb.v', nor could it be found using path 'E:/github/school/RSA2048/vivado-mmp/RSA2048/RSA2048.srcs/sim_1/new/bfm_ahb.v'.
CRITICAL WARNING: [Project 1-311] Could not find the file 'E:/github/school/RSA2048/Vivado_Project/RSA2048/RSA2048.srcs/sim_1/new/me_iddmm_top_tb.v', nor could it be found using path 'E:/github/school/RSA2048/vivado-mmp/RSA2048/RSA2048.srcs/sim_1/new/me_iddmm_top_tb.v'.
Scanning sources...
Finished scanning sources
WARNING: [Project 1-865] Could not find the file E:/github/school/RSA2048/Vivado_Project/RSA2048/RSA2048.srcs/utils_1/imports/synth_1/mmp_iddmm_top.dcp
INFO: [IP_Flow 19-234] Refreshing IP repositories
INFO: [IP_Flow 19-1704] No user IP repositories specified
INFO: [IP_Flow 19-2313] Loaded Vivado IP repository 'D:/Vivado2023.1/Vivado/2023.1/data/ip'.
open_project: Time (s): cpu = 00:00:05 ; elapsed = 00:00:08 . Memory (MB): peak = 1534.605 ; gain = 373.512
export_ip_user_files -of_objects  [get_files E:/github/school/RSA2048/Vivado_Project/RSA2048/RSA2048.srcs/sources_1/new/ahb/ahb2fifo_slave_core.v] -no_script -reset -force -quiet
export_ip_user_files -of_objects  [get_files E:/github/school/RSA2048/Vivado_Project/RSA2048/RSA2048.srcs/sources_1/new/ahb/ahb_fifo.v] -no_script -reset -force -quiet
export_ip_user_files -of_objects  [get_files E:/github/school/RSA2048/Vivado_Project/RSA2048/RSA2048.srcs/sources_1/new/ahb/ahb_rsa2048.v] -no_script -reset -force -quiet
export_ip_user_files -of_objects  [get_files E:/github/school/RSA2048/Vivado_Project/RSA2048/RSA2048.srcs/sources_1/new/ahb/fifo_rsa2048_ctrl.v] -no_script -reset -force -quiet
export_ip_user_files -of_objects  [get_files E:/github/school/RSA2048/Vivado_Project/RSA2048/RSA2048.srcs/sources_1/new/r2mm/me_top.v] -no_script -reset -force -quiet
export_ip_user_files -of_objects  [get_files E:/github/school/RSA2048/Vivado_Project/RSA2048/RSA2048.srcs/sources_1/new/iddmm/mm_iddmm_sub.v] -no_script -reset -force -quiet
export_ip_user_files -of_objects  [get_files E:/github/school/RSA2048/Vivado_Project/RSA2048/RSA2048.srcs/sources_1/new/r2mm/mm_r2mm.v] -no_script -reset -force -quiet
export_ip_user_files -of_objects  [get_files E:/github/school/RSA2048/Vivado_Project/RSA2048/RSA2048.srcs/sources_1/new/r2mm/mm_r2mm_2n.v] -no_script -reset -force -quiet
export_ip_user_files -of_objects  [get_files E:/github/school/RSA2048/Vivado_Project/RSA2048/RSA2048.srcs/sources_1/new/iddmm/mmp_iddmm_addend.v] -no_script -reset -force -quiet
export_ip_user_files -of_objects  [get_files E:/github/school/RSA2048/Vivado_Project/RSA2048/RSA2048.srcs/sources_1/new/iddmm/mmp_iddmm_addfirst.v] -no_script -reset -force -quiet
export_ip_user_files -of_objects  [get_files E:/github/school/RSA2048/Vivado_Project/RSA2048/RSA2048.srcs/sources_1/new/iddmm/mmp_iddmm_ctrl.v] -no_script -reset -force -quiet
export_ip_user_files -of_objects  [get_files E:/github/school/RSA2048/Vivado_Project/RSA2048/RSA2048.srcs/sources_1/new/iddmm/mmp_iddmm_mul128.v] -no_script -reset -force -quiet
export_ip_user_files -of_objects  [get_files E:/github/school/RSA2048/Vivado_Project/RSA2048/RSA2048.srcs/sources_1/new/iddmm/mmp_iddmm_pe.v] -no_script -reset -force -quiet
export_ip_user_files -of_objects  [get_files E:/github/school/RSA2048/Vivado_Project/RSA2048/RSA2048.srcs/sources_1/new/iddmm/mmp_iddmm_shift.v] -no_script -reset -force -quiet
export_ip_user_files -of_objects  [get_files E:/github/school/RSA2048/Vivado_Project/RSA2048/RSA2048.srcs/sources_1/new/iddmm/mmp_iddmm_sp.v] -no_script -reset -force -quiet
export_ip_user_files -of_objects  [get_files E:/github/school/RSA2048/Vivado_Project/RSA2048/RSA2048.srcs/sources_1/new/iddmm/common/mult.v] -no_script -reset -force -quiet
export_ip_user_files -of_objects  [get_files E:/github/school/RSA2048/Vivado_Project/RSA2048/RSA2048.srcs/sources_1/new/iddmm/common/simple_p12adder256_3_2.v] -no_script -reset -force -quiet
export_ip_user_files -of_objects  [get_files E:/github/school/RSA2048/Vivado_Project/RSA2048/RSA2048.srcs/sources_1/new/iddmm/common/simple_p1adder129.v] -no_script -reset -force -quiet
export_ip_user_files -of_objects  [get_files E:/github/school/RSA2048/Vivado_Project/RSA2048/RSA2048.srcs/sources_1/new/iddmm/common/simple_ram.v] -no_script -reset -force -quiet
export_ip_user_files -of_objects  [get_files E:/github/school/RSA2048/Vivado_Project/RSA2048/RSA2048.srcs/sources_1/new/iddmm/common/simple_vedic_128bit.v] -no_script -reset -force -quiet
export_ip_user_files -of_objects  [get_files E:/github/school/RSA2048/Vivado_Project/RSA2048/RSA2048.srcs/sources_1/new/iddmm/common/simple_vedic_16bit.v] -no_script -reset -force -quiet
export_ip_user_files -of_objects  [get_files E:/github/school/RSA2048/Vivado_Project/RSA2048/RSA2048.srcs/sources_1/new/iddmm/common/simple_vedic_32bit.v] -no_script -reset -force -quiet
export_ip_user_files -of_objects  [get_files E:/github/school/RSA2048/Vivado_Project/RSA2048/RSA2048.srcs/sources_1/new/iddmm/common/simple_vedic_4bit.v] -no_script -reset -force -quiet
export_ip_user_files -of_objects  [get_files E:/github/school/RSA2048/Vivado_Project/RSA2048/RSA2048.srcs/sources_1/new/iddmm/common/simple_vedic_64bit.v] -no_script -reset -force -quiet
export_ip_user_files -of_objects  [get_files E:/github/school/RSA2048/Vivado_Project/RSA2048/RSA2048.srcs/sources_1/new/iddmm/common/simple_vedic_8bit.v] -no_script -reset -force -quiet
export_ip_user_files -of_objects  [get_files E:/github/school/RSA2048/Vivado_Project/RSA2048/RSA2048.srcs/sources_1/new/iddmm/me_iddmm_top.sv] -no_script -reset -force -quiet
remove_files  {E:/github/school/RSA2048/Vivado_Project/RSA2048/RSA2048.srcs/sources_1/new/ahb/ahb2fifo_slave_core.v E:/github/school/RSA2048/Vivado_Project/RSA2048/RSA2048.srcs/sources_1/new/ahb/ahb_fifo.v E:/github/school/RSA2048/Vivado_Project/RSA2048/RSA2048.srcs/sources_1/new/ahb/ahb_rsa2048.v E:/github/school/RSA2048/Vivado_Project/RSA2048/RSA2048.srcs/sources_1/new/ahb/fifo_rsa2048_ctrl.v E:/github/school/RSA2048/Vivado_Project/RSA2048/RSA2048.srcs/sources_1/new/r2mm/me_top.v E:/github/school/RSA2048/Vivado_Project/RSA2048/RSA2048.srcs/sources_1/new/iddmm/mm_iddmm_sub.v E:/github/school/RSA2048/Vivado_Project/RSA2048/RSA2048.srcs/sources_1/new/r2mm/mm_r2mm.v E:/github/school/RSA2048/Vivado_Project/RSA2048/RSA2048.srcs/sources_1/new/r2mm/mm_r2mm_2n.v E:/github/school/RSA2048/Vivado_Project/RSA2048/RSA2048.srcs/sources_1/new/iddmm/mmp_iddmm_addend.v E:/github/school/RSA2048/Vivado_Project/RSA2048/RSA2048.srcs/sources_1/new/iddmm/mmp_iddmm_addfirst.v E:/github/school/RSA2048/Vivado_Project/RSA2048/RSA2048.srcs/sources_1/new/iddmm/mmp_iddmm_ctrl.v E:/github/school/RSA2048/Vivado_Project/RSA2048/RSA2048.srcs/sources_1/new/iddmm/mmp_iddmm_mul128.v E:/github/school/RSA2048/Vivado_Project/RSA2048/RSA2048.srcs/sources_1/new/iddmm/mmp_iddmm_pe.v E:/github/school/RSA2048/Vivado_Project/RSA2048/RSA2048.srcs/sources_1/new/iddmm/mmp_iddmm_shift.v E:/github/school/RSA2048/Vivado_Project/RSA2048/RSA2048.srcs/sources_1/new/iddmm/mmp_iddmm_sp.v E:/github/school/RSA2048/Vivado_Project/RSA2048/RSA2048.srcs/sources_1/new/iddmm/common/mult.v E:/github/school/RSA2048/Vivado_Project/RSA2048/RSA2048.srcs/sources_1/new/iddmm/common/simple_p12adder256_3_2.v E:/github/school/RSA2048/Vivado_Project/RSA2048/RSA2048.srcs/sources_1/new/iddmm/common/simple_p1adder129.v E:/github/school/RSA2048/Vivado_Project/RSA2048/RSA2048.srcs/sources_1/new/iddmm/common/simple_ram.v E:/github/school/RSA2048/Vivado_Project/RSA2048/RSA2048.srcs/sources_1/new/iddmm/common/simple_vedic_128bit.v E:/github/school/RSA2048/Vivado_Project/RSA2048/RSA2048.srcs/sources_1/new/iddmm/common/simple_vedic_16bit.v E:/github/school/RSA2048/Vivado_Project/RSA2048/RSA2048.srcs/sources_1/new/iddmm/common/simple_vedic_32bit.v E:/github/school/RSA2048/Vivado_Project/RSA2048/RSA2048.srcs/sources_1/new/iddmm/common/simple_vedic_4bit.v E:/github/school/RSA2048/Vivado_Project/RSA2048/RSA2048.srcs/sources_1/new/iddmm/common/simple_vedic_64bit.v E:/github/school/RSA2048/Vivado_Project/RSA2048/RSA2048.srcs/sources_1/new/iddmm/common/simple_vedic_8bit.v E:/github/school/RSA2048/Vivado_Project/RSA2048/RSA2048.srcs/sources_1/new/iddmm/me_iddmm_top.sv}
export_ip_user_files -of_objects  [get_files E:/github/school/RSA2048/Vivado_Project/RSA2048/RSA2048.srcs/sources_1/new/iddmm/a0.mem] -no_script -reset -force -quiet
export_ip_user_files -of_objects  [get_files E:/github/school/RSA2048/Vivado_Project/RSA2048/RSA2048.srcs/sources_1/new/iddmm/m.mem] -no_script -reset -force -quiet
export_ip_user_files -of_objects  [get_files E:/github/school/RSA2048/Vivado_Project/RSA2048/RSA2048.srcs/sources_1/new/iddmm/x.mem] -no_script -reset -force -quiet
export_ip_user_files -of_objects  [get_files E:/github/school/RSA2048/Vivado_Project/RSA2048/RSA2048.srcs/sources_1/new/iddmm/y.mem] -no_script -reset -force -quiet
remove_files  {E:/github/school/RSA2048/Vivado_Project/RSA2048/RSA2048.srcs/sources_1/new/iddmm/a0.mem E:/github/school/RSA2048/Vivado_Project/RSA2048/RSA2048.srcs/sources_1/new/iddmm/m.mem E:/github/school/RSA2048/Vivado_Project/RSA2048/RSA2048.srcs/sources_1/new/iddmm/x.mem E:/github/school/RSA2048/Vivado_Project/RSA2048/RSA2048.srcs/sources_1/new/iddmm/y.mem}
export_ip_user_files -of_objects  [get_files E:/github/school/RSA2048/Vivado_Project/fpga.xdc] -no_script -reset -force -quiet
export_ip_user_files -of_objects  [get_files E:/github/school/RSA2048/Vivado_Project/RSA2048/RSA2048.srcs/constrs_1/new/mm_r2mm.xdc] -no_script -reset -force -quiet
remove_files  -fileset constrs_1 {E:/github/school/RSA2048/Vivado_Project/fpga.xdc E:/github/school/RSA2048/Vivado_Project/RSA2048/RSA2048.srcs/constrs_1/new/mm_r2mm.xdc}
export_ip_user_files -of_objects  [get_files E:/github/school/RSA2048/Vivado_Project/RSA2048/RSA2048.srcs/sim_1/new/ahb_rsa2048_tb.v] -no_script -reset -force -quiet
export_ip_user_files -of_objects  [get_files E:/github/school/RSA2048/Vivado_Project/RSA2048/RSA2048.srcs/sim_1/new/bfm_ahb.v] -no_script -reset -force -quiet
export_ip_user_files -of_objects  [get_files E:/github/school/RSA2048/Vivado_Project/RSA2048/RSA2048.srcs/sim_1/new/me_iddmm_top_tb.v] -no_script -reset -force -quiet
export_ip_user_files -of_objects  [get_files E:/github/school/RSA2048/Vivado_Project/RSA2048/RSA2048.srcs/sim_1/new/me_top_tb.v] -no_script -reset -force -quiet
export_ip_user_files -of_objects  [get_files E:/github/school/RSA2048/Vivado_Project/RSA2048/RSA2048.srcs/sim_1/new/mmp_iddmm_sp_tb.v] -no_script -reset -force -quiet
export_ip_user_files -of_objects  [get_files E:/github/school/RSA2048/Vivado_Project/RSA2048/RSA2048.srcs/sim_1/new/bfm_ahb_tasks.v] -no_script -reset -force -quiet
remove_files  -fileset sim_1 {E:/github/school/RSA2048/Vivado_Project/RSA2048/RSA2048.srcs/sim_1/new/ahb_rsa2048_tb.v E:/github/school/RSA2048/Vivado_Project/RSA2048/RSA2048.srcs/sim_1/new/bfm_ahb.v E:/github/school/RSA2048/Vivado_Project/RSA2048/RSA2048.srcs/sim_1/new/me_iddmm_top_tb.v E:/github/school/RSA2048/Vivado_Project/RSA2048/RSA2048.srcs/sim_1/new/me_top_tb.v E:/github/school/RSA2048/Vivado_Project/RSA2048/RSA2048.srcs/sim_1/new/mmp_iddmm_sp_tb.v E:/github/school/RSA2048/Vivado_Project/RSA2048/RSA2048.srcs/sim_1/new/bfm_ahb_tasks.v}
export_ip_user_files -of_objects  [get_files E:/github/school/RSA2048/Vivado_Project/RSA2048/mmp_iddmm_sp_tb_behav.wcfg] -no_script -reset -force -quiet
remove_files  -fileset sim_1 E:/github/school/RSA2048/Vivado_Project/RSA2048/mmp_iddmm_sp_tb_behav.wcfg
add_files -norecurse -scan_for_includes {E:/github/school/RSA2048/Vivado_Project/RTL/source/iddmm/y.mem E:/github/school/RSA2048/Vivado_Project/RTL/source/iddmm/m.mem E:/github/school/RSA2048/Vivado_Project/RTL/source/iddmm/a0.mem E:/github/school/RSA2048/Vivado_Project/RTL/source/iddmm/x.mem}
add_files -norecurse -scan_for_includes {E:/github/school/RSA2048/Vivado_Project/RTL/source/r2mm/mm_r2mm_2n.v E:/github/school/RSA2048/Vivado_Project/RTL/source/iddmm/mmp_iddmm_addend.v E:/github/school/RSA2048/Vivado_Project/RTL/source/iddmm/common/simple_vedic_32bit.v E:/github/school/RSA2048/Vivado_Project/RTL/source/iddmm/common/simple_p12adder256_3_2.v E:/github/school/RSA2048/Vivado_Project/RTL/source/r2mm/mm_r2mm.v E:/github/school/RSA2048/Vivado_Project/RTL/source/iddmm/mmp_iddmm_sp.v E:/github/school/RSA2048/Vivado_Project/RTL/source/iddmm/common/mult.v E:/github/school/RSA2048/Vivado_Project/RTL/source/iddmm/common/simple_vedic_8bit.v E:/github/school/RSA2048/Vivado_Project/RTL/source/r2mm/me_top.v E:/github/school/RSA2048/Vivado_Project/RTL/source/iddmm/common/simple_vedic_16bit.v E:/github/school/RSA2048/Vivado_Project/RTL/source/iddmm/mmp_iddmm_shift.v E:/github/school/RSA2048/Vivado_Project/RTL/source/iddmm/mmp_iddmm_pe.v E:/github/school/RSA2048/Vivado_Project/RTL/source/ahb/ahb_rsa2048.v E:/github/school/RSA2048/Vivado_Project/RTL/source/ahb/fifo_rsa2048_ctrl.v E:/github/school/RSA2048/Vivado_Project/RTL/source/ahb/ahb_fifo.v E:/github/school/RSA2048/Vivado_Project/RTL/source/iddmm/mmp_iddmm_mul128.v E:/github/school/RSA2048/Vivado_Project/RTL/source/iddmm/mmp_iddmm_addfirst.v E:/github/school/RSA2048/Vivado_Project/RTL/source/iddmm/mmp_iddmm_ctrl.v E:/github/school/RSA2048/Vivado_Project/RTL/source/iddmm/me_iddmm_top.sv E:/github/school/RSA2048/Vivado_Project/RTL/source/ahb/ahb2fifo_slave_core.v E:/github/school/RSA2048/Vivado_Project/RTL/source/iddmm/mm_iddmm_sub.v E:/github/school/RSA2048/Vivado_Project/RTL/source/iddmm/common/simple_p1adder129.v E:/github/school/RSA2048/Vivado_Project/RTL/source/iddmm/common/simple_vedic_128bit.v E:/github/school/RSA2048/Vivado_Project/RTL/source/iddmm/common/simple_vedic_4bit.v E:/github/school/RSA2048/Vivado_Project/RTL/source/iddmm/common/simple_ram.v E:/github/school/RSA2048/Vivado_Project/RTL/source/iddmm/common/simple_vedic_64bit.v}
add_files -fileset constrs_1 -norecurse E:/github/school/RSA2048/Vivado_Project/RTL/constrs/mm_r2mm.xdc
set_property SOURCE_SET sources_1 [get_filesets sim_1]
add_files -fileset sim_1 -norecurse -scan_for_includes {E:/github/school/RSA2048/Vivado_Project/RTL/sim/mmp_iddmm_sp_tb.v E:/github/school/RSA2048/Vivado_Project/RTL/sim/bfm_ahb.v E:/github/school/RSA2048/Vivado_Project/RTL/sim/ahb_rsa2048_tb.v E:/github/school/RSA2048/Vivado_Project/RTL/sim/bfm_ahb_tasks.v E:/github/school/RSA2048/Vivado_Project/RTL/sim/me_top_tb.v E:/github/school/RSA2048/Vivado_Project/RTL/sim/me_iddmm_top_tb.v}
INFO: [filemgmt 56-200] Setting project included file 'E:/github/school/RSA2048/Vivado_Project/RTL/sim/bfm_ahb_tasks.v' to type 'Verilog Header'.
set_property top ahb_rsa2048 [current_fileset]
exit
INFO: [Common 17-206] Exiting Vivado at Fri Aug 25 16:43:46 2023...
